<?xml version="1.0" encoding="UTF-8"?>
<!-- Generated by org.testng.reporters.JUnitXMLReporter -->
<testsuite ignored="6" hostname="DESKTOP-UMEFVFH" failures="0" tests="3" name="mytest" time="0.5" errors="0" timestamp="2024-04-24T11:53:15 IST">
  <testcase classname="day36.Grouping_Demo" name="loginByFacebook" time="0.072"/>
  <testcase classname="day36.Grouping_Demo" name="loginBytwitter" time="0.007"/>
  <testcase classname="day36.Grouping_Demo" name="paymentinDoller" time="0.003"/>
  <testcase classname="day36.Grouping_Demo" name="loginByEmail" time="0.0">
    <ignored/>
  </testcase> <!-- loginByEmail -->
  <testcase classname="day36.Grouping_Demo" name="signByTwitter" time="0.0">
    <ignored/>
  </testcase> <!-- signByTwitter -->
  <testcase classname="day36.Grouping_Demo" name="paymentReturnbyBank" time="0.0">
    <ignored/>
  </testcase> <!-- paymentReturnbyBank -->
  <testcase classname="day36.Grouping_Demo" name="sigupByEmail" time="0.0">
    <ignored/>
  </testcase> <!-- sigupByEmail -->
  <testcase classname="day36.Grouping_Demo" name="signByFacebook" time="0.0">
    <ignored/>
  </testcase> <!-- signByFacebook -->
  <testcase classname="day36.Grouping_Demo" name="paymentInRupees" time="0.0">
    <ignored/>
  </testcase> <!-- paymentInRupees -->
</testsuite> <!-- mytest -->
