<?xml version="1.0" encoding="UTF-8"?>
<!-- Generated by org.testng.reporters.JUnitXMLReporter -->
<testsuite ignored="0" hostname="DESKTOP-UMEFVFH" failures="1" tests="3" name="Test" time="26.25" errors="0" timestamp="2024-04-25T20:35:55 IST">
  <testcase classname="day39copy.NopCommercedemo" name="testlogo" time="0.872"/>
  <testcase classname="day39copy.NopCommercedemo" name="testlogin" time="8.827">
    <failure type="java.lang.AssertionError" message="null">
      <![CDATA[java.lang.AssertionError: null
at day39copy.NopCommercedemo.testlogin(NopCommercedemo.java:64)
at java.base/java.util.ArrayList.forEach(ArrayList.java:1511)
... Removed 27 stack frames]]>
    </failure>
  </testcase> <!-- testlogin -->
  <testcase classname="day39copy.NopCommercedemo" name="testlogout" time="0.0">
    <skipped/>
  </testcase> <!-- testlogout -->
</testsuite> <!-- Test -->
